Experiment 1/EXP-01 Drawing/app/build/intermediates/manifest_merge_blame_file/debug/manifest-merger-blame-debug-report.txt
1<?xml version="1.0" encoding="utf-8"?>
2<manifest xmlns:android="http://schemas.android.com/apk/res/android"
3    package="io.ak1.drawboxsample"
4    android:versionCode="1"
5    android:versionName="1.0" >
6
7    <uses-sdk
8        android:minSdkVersion="21"
8-->src\main\AndroidManifest.xml
9        android:targetSdkVersion="33" />
9-->src\main\AndroidManifest.xml
10
11    <uses-permission android:name="android.permission.WRITE_EXTERNAL_STORAGE" />
11-->src\main\AndroidManifest.xml:3:5-4:68
11-->src\main\AndroidManifest.xml:4:9-65
12
13    <permission
13-->[androidx.core:core:1.9.0] AndroidManifest.xml:22:5-24:47
14        android:name="io.ak1.drawboxsample.DYNAMIC_RECEIVER_NOT_EXPORTED_PERMISSION"
14-->[androidx.core:core:1.9.0] AndroidManifest.xml:23:9-81
15        android:protectionLevel="signature" />
15-->[androidx.core:core:1.9.0] AndroidManifest.xml:24:9-44
16
17    <uses-permission android:name="io.ak1.drawboxsample.DYNAMIC_RECEIVER_NOT_EXPORTED_PERMISSION" />
17-->[androidx.core:core:1.9.0] AndroidManifest.xml:26:5-97
17-->[androidx.core:core:1.9.0] AndroidManifest.xml:26:22-94
18
19    <application
19-->src\main\AndroidManifest.xml:6:5-22:19
20        android:allowBackup="true"
20-->src\main\AndroidManifest.xml:7:9-35
21        android:appComponentFactory="androidx.core.app.CoreComponentFactory"
21-->[androidx.core:core:1.9.0] AndroidManifest.xml:28:18-86
22        android:debuggable="true"
23        android:label="@string/app_name"
23-->src\main\AndroidManifest.xml:8:9-41
24        android:roundIcon="@mipmap/ic_launcher"
24-->src\main\AndroidManifest.xml:9:9-48
25        android:supportsRtl="true"
25-->src\main\AndroidManifest.xml:10:9-35
26        android:testOnly="true"
27        android:theme="@style/Theme.DrawBox" >
27-->src\main\AndroidManifest.xml:11:9-45
28        <activity
28-->src\main\AndroidManifest.xml:12:9-21:20
29            android:name="io.ak1.drawboxsample.MainActivity"
29-->src\main\AndroidManifest.xml:13:13-41
30            android:exported="true"
30-->src\main\AndroidManifest.xml:14:13-36
31            android:theme="@style/Theme.DrawBox.NoActionBar" >
31-->src\main\AndroidManifest.xml:15:13-61
32            <intent-filter>
32-->src\main\AndroidManifest.xml:16:13-20:29
33                <action android:name="android.intent.action.MAIN" />
33-->src\main\AndroidManifest.xml:17:17-69
33-->src\main\AndroidManifest.xml:17:25-66
34
35                <category android:name="android.intent.category.LAUNCHER" />
35-->src\main\AndroidManifest.xml:19:17-77
35-->src\main\AndroidManifest.xml:19:27-74
36            </intent-filter>
37        </activity>
38        <activity
38-->[androidx.compose.ui:ui-tooling:1.3.3] AndroidManifest.xml:23:9-25:39
39            android:name="androidx.compose.ui.tooling.PreviewActivity"
39-->[androidx.compose.ui:ui-tooling:1.3.3] AndroidManifest.xml:24:13-71
40            android:exported="true" />
40-->[androidx.compose.ui:ui-tooling:1.3.3] AndroidManifest.xml:25:13-36
41
42        <provider
42-->[androidx.emoji2:emoji2:1.2.0] AndroidManifest.xml:24:9-32:20
43            android:name="androidx.startup.InitializationProvider"
43-->[androidx.emoji2:emoji2:1.2.0] AndroidManifest.xml:25:13-67
44            android:authorities="io.ak1.drawboxsample.androidx-startup"
44-->[androidx.emoji2:emoji2:1.2.0] AndroidManifest.xml:26:13-68
45            android:exported="false" >
45-->[androidx.emoji2:emoji2:1.2.0] AndroidManifest.xml:27:13-37
46            <meta-data
46-->[androidx.emoji2:emoji2:1.2.0] AndroidManifest.xml:29:13-31:52
47                android:name="androidx.emoji2.text.EmojiCompatInitializer"
47-->[androidx.emoji2:emoji2:1.2.0] AndroidManifest.xml:30:17-75
48                android:value="androidx.startup" />
48-->[androidx.emoji2:emoji2:1.2.0] AndroidManifest.xml:31:17-49
49            <meta-data
49-->[androidx.lifecycle:lifecycle-process:2.4.1] AndroidManifest.xml:31:13-33:52
50                android:name="androidx.lifecycle.ProcessLifecycleInitializer"
50-->[androidx.lifecycle:lifecycle-process:2.4.1] AndroidManifest.xml:32:17-78
51                android:value="androidx.startup" />
51-->[androidx.lifecycle:lifecycle-process:2.4.1] AndroidManifest.xml:33:17-49
52            <meta-data
52-->[androidx.profileinstaller:profileinstaller:1.2.0] AndroidManifest.xml:30:13-32:52
53                android:name="androidx.profileinstaller.ProfileInstallerInitializer"
53-->[androidx.profileinstaller:profileinstaller:1.2.0] AndroidManifest.xml:31:17-85
54                android:value="androidx.startup" />
54-->[androidx.profileinstaller:profileinstaller:1.2.0] AndroidManifest.xml:32:17-49
55        </provider>
56
57        <receiver
57-->[androidx.profileinstaller:profileinstaller:1.2.0] AndroidManifest.xml:35:9-47:20
58            android:name="androidx.profileinstaller.ProfileInstallReceiver"
58-->[androidx.profileinstaller:profileinstaller:1.2.0] AndroidManifest.xml:36:13-76
59            android:directBootAware="false"
59-->[androidx.profileinstaller:profileinstaller:1.2.0] AndroidManifest.xml:37:13-44
60            android:enabled="true"
60-->[androidx.profileinstaller:profileinstaller:1.2.0] AndroidManifest.xml:38:13-35
61            android:exported="true"
61-->[androidx.profileinstaller:profileinstaller:1.2.0] AndroidManifest.xml:39:13-36
62            android:permission="android.permission.DUMP" >
62-->[androidx.profileinstaller:profileinstaller:1.2.0] AndroidManifest.xml:40:13-57
63            <intent-filter>
63-->[androidx.profileinstaller:profileinstaller:1.2.0] AndroidManifest.xml:41:13-43:29
64                <action android:name="androidx.profileinstaller.action.INSTALL_PROFILE" />
64-->[androidx.profileinstaller:profileinstaller:1.2.0] AndroidManifest.xml:42:17-91
64-->[androidx.profileinstaller:profileinstaller:1.2.0] AndroidManifest.xml:42:25-88
65            </intent-filter>
66            <intent-filter>
66-->[androidx.profileinstaller:profileinstaller:1.2.0] AndroidManifest.xml:44:13-46:29
67                <action android:name="androidx.profileinstaller.action.SKIP_FILE" />
67-->[androidx.profileinstaller:profileinstaller:1.2.0] AndroidManifest.xml:45:17-85
67-->[androidx.profileinstaller:profileinstaller:1.2.0] AndroidManifest.xml:45:25-82
68            </intent-filter>
69        </receiver>
70    </application>
71
72</manifest>